C51 COMPILER V9.60.0.0   BEEP                                                              12/15/2025 08:33:32 PAGE 1   


C51 COMPILER V9.60.0.0, COMPILATION OF MODULE BEEP
OBJECT MODULE PLACED IN .\Obj\beep.obj
COMPILER INVOKED BY: D:\Keil_v5\C51\BIN\C51.EXE App\BEEP\beep.c OPTIMIZE(8,SPEED) BROWSE INCDIR(.\Public;.\App\IRED;.\Ap
                    -p\smg;.\App\BEEP;.\App\LED;.\App\lcd1602;.\App\rectanglekey;.\App\ds1302) DEBUG OBJECTEXTEND PRINT(.\Obj\beep.lst) TABS(
                    -2) OBJECT(.\Obj\beep.obj)

line level    source

   1          #include "beep.h"
   2          
   3          void beep_on()
   4          {
   5   1        beep=!beep;
   6   1        delay_10us(60);
   7   1      }
   8          
   9          void beep_off()
  10          {
  11   1        beep=0;
  12   1        delay_10us(60);
  13   1      
  14   1      }


MODULE INFORMATION:   STATIC OVERLAYABLE
   CODE SIZE        =     18    ----
   CONSTANT SIZE    =   ----    ----
   XDATA SIZE       =   ----    ----
   PDATA SIZE       =   ----    ----
   DATA SIZE        =   ----    ----
   IDATA SIZE       =   ----    ----
   BIT SIZE         =   ----    ----
END OF MODULE INFORMATION.


C51 COMPILATION COMPLETE.  0 WARNING(S),  0 ERROR(S)
