C51 COMPILER V9.01   LED                                                                   12/12/2025 17:48:25 PAGE 1   


C51 COMPILER V9.01, COMPILATION OF MODULE LED
OBJECT MODULE PLACED IN .\Obj\led.obj
COMPILER INVOKED BY: C:\Keil\C51\BIN\C51.EXE App\LED\led.c BROWSE INCDIR(.\Public;.\App\IRED;.\App\smg;.\App\BEEP;.\App\
                    -LED) DEBUG OBJECTEXTEND PRINT(.\Obj\led.lst) OBJECT(.\Obj\led.obj)

line level    source

   1          #include "led.h"
   2          
   3          void led2_on()
   4          {
   5   1              led2 = 0;
   6   1      }
   7          
   8          void led2_off()
   9          {
  10   1              led2 = 1;
  11   1      }


MODULE INFORMATION:   STATIC OVERLAYABLE
   CODE SIZE        =      6    ----
   CONSTANT SIZE    =   ----    ----
   XDATA SIZE       =   ----    ----
   PDATA SIZE       =   ----    ----
   DATA SIZE        =   ----    ----
   IDATA SIZE       =   ----    ----
   BIT SIZE         =   ----    ----
END OF MODULE INFORMATION.


C51 COMPILATION COMPLETE.  0 WARNING(S),  0 ERROR(S)
