C51 COMPILER V9.01   SMG                                                                   12/13/2025 21:24:07 PAGE 1   


C51 COMPILER V9.01, COMPILATION OF MODULE SMG
OBJECT MODULE PLACED IN .\Obj\smg.obj
COMPILER INVOKED BY: C:\Keil\C51\BIN\C51.EXE App\smg\smg.c BROWSE INCDIR(.\Public;.\App\IRED;.\App\smg;.\App\BEEP;.\App\
                    -LED;.\App\lcd1602;.\App\rectanglekey;.\App\ds1302) DEBUG OBJECTEXTEND PRINT(.\Obj\smg.lst) OBJECT(.\Obj\smg.obj)

line level    source

   1          #include "smg.h"
   2          
   3          //共阴极数码管显示0~F的段码数据
   4          u8 gsmg_code[17]={0x3f/*0*/,0x06/*1*/,0x5b/*2*/,0x4f/*3*/,
   5                                          0x66/*4*/,0x6d/*5*/,0x7d/*6*/,0x07/*7*/,
   6                                          0x7f/*8*/,0x6f/*9*/,0x77/*a*/,0x7c/*b*/,
   7                                          0x39/*c*/,0x5e/*d*/,0x79/*e*/,0x71/*f*/};
   8          
   9          void smg_display(u8 dat[],u8 pos)
  10          {
  11   1              u8 i=0;
  12   1              u8 pos_temp=pos-1;
  13   1      
  14   1              for(i=pos_temp;i<8;i++)
  15   1              {
  16   2                      switch(i)//位选
  17   2                      {
  18   3                              case 0: LSC=1;LSB=1;LSA=1;break;
  19   3                              case 1: LSC=1;LSB=1;LSA=0;break;
  20   3                              case 2: LSC=1;LSB=0;LSA=1;break;
  21   3                              case 3: LSC=1;LSB=0;LSA=0;break;
  22   3                              case 4: LSC=0;LSB=1;LSA=1;break;
  23   3                              case 5: LSC=0;LSB=1;LSA=0;break;
  24   3                              case 6: LSC=0;LSB=0;LSA=1;break;
  25   3                              case 7: LSC=0;LSB=0;LSA=0;break;
  26   3                      }
  27   2                      SMG_A_DP_PORT=dat[i-pos_temp];//传送段选数据
  28   2                      delay_10us(100);//延时一段时间，等待显示稳定
  29   2                      SMG_A_DP_PORT=0x00;//消音
  30   2              }
  31   1      }


MODULE INFORMATION:   STATIC OVERLAYABLE
   CODE SIZE        =    146    ----
   CONSTANT SIZE    =   ----    ----
   XDATA SIZE       =   ----    ----
   PDATA SIZE       =   ----    ----
   DATA SIZE        =     17       5
   IDATA SIZE       =   ----    ----
   BIT SIZE         =   ----    ----
END OF MODULE INFORMATION.


C51 COMPILATION COMPLETE.  0 WARNING(S),  0 ERROR(S)
