C51 COMPILER V9.01   BEEP                                                                  12/19/2025 17:41:19 PAGE 1   


C51 COMPILER V9.01, COMPILATION OF MODULE BEEP
OBJECT MODULE PLACED IN .\Obj\beep.obj
COMPILER INVOKED BY: C:\Keil\C51\BIN\C51.EXE App\BEEP\beep.c BROWSE INCDIR(.\App\BEEP;.\App\smg;.\Public) DEBUG OBJECTEX
                    -TEND PRINT(.\Obj\beep.lst) OBJECT(.\Obj\beep.obj)

line level    source

   1          #include "beep.h"
   2          
   3          void beep_on()
   4          {
   5   1              beep=!beep;
   6   1              delay_10us(60);
   7   1      }
   8          
   9          void beep_off()
  10          {
  11   1              beep=0;
  12   1              delay_10us(60);
  13   1      
  14   1      }


MODULE INFORMATION:   STATIC OVERLAYABLE
   CODE SIZE        =     18    ----
   CONSTANT SIZE    =   ----    ----
   XDATA SIZE       =   ----    ----
   PDATA SIZE       =   ----    ----
   DATA SIZE        =   ----    ----
   IDATA SIZE       =   ----    ----
   BIT SIZE         =   ----    ----
END OF MODULE INFORMATION.


C51 COMPILATION COMPLETE.  0 WARNING(S),  0 ERROR(S)
