C51 COMPILER V9.01   MAIN                                                                  12/19/2025 17:44:21 PAGE 1   


C51 COMPILER V9.01, COMPILATION OF MODULE MAIN
OBJECT MODULE PLACED IN .\Obj\main.obj
COMPILER INVOKED BY: C:\Keil\C51\BIN\C51.EXE User\main.c BROWSE INCDIR(.\App\BEEP;.\App\smg;.\Public) DEBUG OBJECTEXTEND
                    - PRINT(.\Obj\main.lst) OBJECT(.\Obj\main.obj)

line level    source

   1          #include "smg.h"
   2          #include "lcd1602.h"
*** WARNING C318 IN LINE 2 OF User\main.c: can't open file 'lcd1602.h'
   3          #include "ds1302.h"
*** WARNING C318 IN LINE 3 OF User\main.c: can't open file 'ds1302.h'
   4          #include "public.h"
   5          


MODULE INFORMATION:   STATIC OVERLAYABLE
   CODE SIZE        =   ----    ----
   CONSTANT SIZE    =   ----    ----
   XDATA SIZE       =   ----    ----
   PDATA SIZE       =   ----    ----
   DATA SIZE        =   ----    ----
   IDATA SIZE       =   ----    ----
   BIT SIZE         =   ----    ----
END OF MODULE INFORMATION.


C51 COMPILATION COMPLETE.  2 WARNING(S),  0 ERROR(S)
