C51 COMPILER V9.01   BEEP                                                                  12/02/2025 18:38:57 PAGE 1   


C51 COMPILER V9.01, COMPILATION OF MODULE BEEP
OBJECT MODULE PLACED IN .\Obj\beep.obj
COMPILER INVOKED BY: D:\Keil_v5\C51\BIN\C51.EXE App\BEEP\beep.c BROWSE INCDIR(.\App\BEEP;.\App\LED;.\Public) DEBUG OBJEC
                    -TEXTEND PRINT(.\Obj\beep.lst) OBJECT(.\Obj\beep.obj)

line level    source

*** WARNING C500 IN LINE 1 OF APP\BEEP\BEEP.C: LICENSE ERROR (R208: RENEW LICENSE ID CODE (LIC))

   1          #include "beep.h"
   2          
   3          void beep_on()
   4          {
   5   1              beep=!beep;
   6   1              
   7   1      }


MODULE INFORMATION:   STATIC OVERLAYABLE
   CODE SIZE        =      3    ----
   CONSTANT SIZE    =   ----    ----
   XDATA SIZE       =   ----    ----
   PDATA SIZE       =   ----    ----
   DATA SIZE        =   ----    ----
   IDATA SIZE       =   ----    ----
   BIT SIZE         =   ----    ----
END OF MODULE INFORMATION.


C51 COMPILATION COMPLETE.  1 WARNING(S),  0 ERROR(S)
