C51 COMPILER V9.01   LED                                                                   12/02/2025 18:38:57 PAGE 1   


C51 COMPILER V9.01, COMPILATION OF MODULE LED
OBJECT MODULE PLACED IN .\Obj\led.obj
COMPILER INVOKED BY: D:\Keil_v5\C51\BIN\C51.EXE App\LED\led.c BROWSE INCDIR(.\App\BEEP;.\App\LED;.\Public) DEBUG OBJECTE
                    -XTEND PRINT(.\Obj\led.lst) OBJECT(.\Obj\led.obj)

line level    source

*** WARNING C500 IN LINE 1 OF APP\LED\LED.C: LICENSE ERROR (R208: RENEW LICENSE ID CODE (LIC))

   1          #include "led.h"
   2          
   3          void led2_on()
   4          {
   5   1              led2 = 0;
   6   1      }


MODULE INFORMATION:   STATIC OVERLAYABLE
   CODE SIZE        =      3    ----
   CONSTANT SIZE    =   ----    ----
   XDATA SIZE       =   ----    ----
   PDATA SIZE       =   ----    ----
   DATA SIZE        =   ----    ----
   IDATA SIZE       =   ----    ----
   BIT SIZE         =   ----    ----
END OF MODULE INFORMATION.


C51 COMPILATION COMPLETE.  1 WARNING(S),  0 ERROR(S)
