C51 COMPILER V9.01   MAIN                                                                  12/02/2025 18:38:57 PAGE 1   


C51 COMPILER V9.01, COMPILATION OF MODULE MAIN
OBJECT MODULE PLACED IN .\Obj\main.obj
COMPILER INVOKED BY: D:\Keil_v5\C51\BIN\C51.EXE User\main.c BROWSE INCDIR(.\App\BEEP;.\App\LED;.\Public) DEBUG OBJECTEXT
                    -END PRINT(.\Obj\main.lst) OBJECT(.\Obj\main.obj)

line level    source

*** WARNING C500 IN LINE 1 OF USER\MAIN.C: LICENSE ERROR (R208: RENEW LICENSE ID CODE (LIC))

   1          #include "Public.h"
   2          
   3          void main()
   4          {
   5   1      
   6   1              while(1)
   7   1              {
   8   2                      led2_on();
   9   2                      beep_on();
  10   2                      delay_10us(10);
  11   2      
  12   2              }
  13   1      
  14   1      }


MODULE INFORMATION:   STATIC OVERLAYABLE
   CODE SIZE        =     15    ----
   CONSTANT SIZE    =   ----    ----
   XDATA SIZE       =   ----    ----
   PDATA SIZE       =   ----    ----
   DATA SIZE        =   ----    ----
   IDATA SIZE       =   ----    ----
   BIT SIZE         =   ----    ----
END OF MODULE INFORMATION.


C51 COMPILATION COMPLETE.  1 WARNING(S),  0 ERROR(S)
